<?xml version="1.0" encoding="utf-8"?><testsuites name="pytest tests"><testsuite name="pytest" errors="0" failures="0" skipped="0" tests="80" time="17.094" timestamp="2026-04-19T04:36:22.478304+00:00" hostname="agent-env-81b68010-8f33-4ae0-8ff9-dcbaf39986d0"><testcase classname="tests.backend_test.TestHealth" name="test_health" time="0.128" /><testcase classname="tests.backend_test.TestHealth" name="test_seed_kiosks" time="0.050" /><testcase classname="tests.backend_test.TestHealth" name="test_seed_zones" time="0.048" /><testcase classname="tests.backend_test.TestAuth" name="test_login_admin" time="0.271" /><testcase classname="tests.backend_test.TestAuth" name="test_login_nurse_role_staff" time="0.270" /><testcase classname="tests.backend_test.TestAuth" name="test_login_bad_password" time="0.270" /><testcase classname="tests.backend_test.TestAuth" name="test_register_new_user" time="0.276" /><testcase classname="tests.backend_test.TestAuth" name="test_me_requires_auth" time="0.052" /><testcase classname="tests.backend_test.TestAuth" name="test_me_with_token" time="0.319" /><testcase classname="tests.backend_test.TestResidents" name="test_list_requires_auth" time="0.049" /><testcase classname="tests.backend_test.TestResidents" name="test_crud_resident" time="0.355" /><testcase classname="tests.backend_test.TestResidents" name="test_public_by_kiosk" time="0.097" /><testcase classname="tests.backend_test.TestKiosksZones" name="test_kiosks_public" time="0.050" /><testcase classname="tests.backend_test.TestKiosksZones" name="test_kiosk_create_requires_auth" time="0.049" /><testcase classname="tests.backend_test.TestKiosksZones" name="test_kiosk_crud" time="0.142" /><testcase classname="tests.backend_test.TestKiosksZones" name="test_zone_crud" time="0.097" /><testcase classname="tests.backend_test.TestStaffAdminOnly" name="test_list_staff_admin" time="0.048" /><testcase classname="tests.backend_test.TestStaffAdminOnly" name="test_list_staff_forbidden_for_nurse" time="0.316" /><testcase classname="tests.backend_test.TestStaffAdminOnly" name="test_create_delete_staff" time="0.317" /><testcase classname="tests.backend_test.TestStaffAdminOnly" name="test_create_staff_forbidden_for_nurse" time="0.194" /><testcase classname="tests.backend_test.TestAlerts" name="test_create_alert_from_kiosk" time="0.258" /><testcase classname="tests.backend_test.TestAlerts" name="test_alerts_feed_auth" time="0.045" /><testcase classname="tests.backend_test.TestAlerts" name="test_alert_stats" time="0.051" /><testcase classname="tests.backend_test.TestLocations" name="test_mock_generate_and_latest" time="0.123" /><testcase classname="tests.backend_test.TestLocations" name="test_latest_requires_auth" time="0.044" /><testcase classname="tests.backend_test.TestLocations" name="test_ingest_public_requires_valid_resident" time="0.050" /><testcase classname="tests.backend_test.TestLocations" name="test_ingest_public_for_real_resident" time="0.096" /><testcase classname="tests.backend_test.TestAI" name="test_chat_claude" time="1.304" /><testcase classname="tests.backend_test.TestAI" name="test_chat_history" time="1.519" /><testcase classname="tests.backend_test.TestAI" name="test_tts" time="1.353" /><testcase classname="tests.backend_test.TestAI" name="test_tts_empty" time="0.048" /><testcase classname="tests.backend_test.TestAI" name="test_stt_endpoint_exists" time="0.046" /><testcase classname="tests.backend_test.TestRoadmap" name="test_list_roadmap" time="0.048" /><testcase classname="tests.backend_test.TestRoadmap" name="test_progress_aggregates_by_phase" time="0.048" /><testcase classname="tests.backend_test.TestRoadmap" name="test_patch_requires_auth" time="0.052" /><testcase classname="tests.backend_test.TestRoadmap" name="test_patch_updates_status" time="0.142" /><testcase classname="tests.backend_test.TestPendants" name="test_list_requires_auth" time="0.048" /><testcase classname="tests.backend_test.TestPendants" name="test_list_seeded_pendants" time="0.048" /><testcase classname="tests.backend_test.TestPendants" name="test_create_and_delete_pendant" time="0.237" /><testcase classname="tests.backend_test.TestPendants" name="test_pendant_event_press_creates_alert" time="0.432" /><testcase classname="tests.backend_test.TestPendants" name="test_pendant_event_unknown_frequency" time="0.146" /><testcase classname="tests.backend_test.TestAlertsEscalation" name="test_feed_auto_escalates_old_alert" time="0.200" /><testcase classname="tests.backend_test.TestAlertsEscalation" name="test_get_alert_with_timeline" time="0.333" /><testcase classname="tests.backend_test.TestAlertsEscalation" name="test_stats_route_not_clobbered_by_id_route" time="0.048" /><testcase classname="tests.backend_test.TestResidentPersonalization" name="test_create_and_update_with_new_fields" time="0.185" /><testcase classname="tests.backend_test.TestResidentPersonalization" name="test_ai_chat_with_resident_id" time="1.690" /><testcase classname="tests.backend_test.TestZonesAndGeofence" name="test_zones_include_is_restricted" time="0.050" /><testcase classname="tests.backend_test.TestZonesAndGeofence" name="test_create_restricted_zone" time="0.101" /><testcase classname="tests.backend_test.TestZonesAndGeofence" name="test_post_location_to_non_restricted_no_alert" time="0.099" /><testcase classname="tests.backend_test.TestZonesAndGeofence" name="test_post_location_to_restricted_creates_alert_and_no_refire" time="0.246" /><testcase classname="tests.backend_test.TestMovementTimeline" name="test_movement_returns_visits_and_total" time="0.335" /><testcase classname="tests.backend_test.TestInsights" name="test_compute_insights" time="0.074" /><testcase classname="tests.backend_test.TestInsights" name="test_list_insights_sorted" time="0.116" /><testcase classname="tests.backend_test.TestInsights" name="test_insights_summary" time="0.119" /><testcase classname="tests.backend_test.TestInsights" name="test_insights_for_resident" time="0.174" /><testcase classname="tests.backend_test.TestFamilyContacts" name="test_list_family_seeded" time="0.048" /><testcase classname="tests.backend_test.TestFamilyContacts" name="test_create_and_delete_family" time="0.160" /><testcase classname="tests.backend_test.TestNotifications" name="test_notifications_status_unconfigured" time="0.048" /><testcase classname="tests.backend_test.TestNotifications" name="test_notifications_test_sms_logged" time="0.048" /><testcase classname="tests.backend_test.TestNotifications" name="test_notifications_test_email_logged" time="0.047" /><testcase classname="tests.backend_test.TestNotifications" name="test_notifications_list" time="0.096" /><testcase classname="tests.backend_test.TestNotifications" name="test_create_alert_fans_out_to_family" time="0.738" /><testcase classname="tests.backend_test.TestWearables" name="test_list_wearables_seeded" time="0.048" /><testcase classname="tests.backend_test.TestWearables" name="test_list_wearables_requires_auth" time="0.044" /><testcase classname="tests.backend_test.TestWearables" name="test_crud_wearable_and_events" time="0.470" /><testcase classname="tests.backend_test.TestBathroomZones" name="test_seed_has_bathroom_zones" time="0.048" /><testcase classname="tests.backend_test.TestBathroomZones" name="test_create_bathroom_zone" time="0.102" /><testcase classname="tests.backend_test.TestBathroomZones" name="test_insights_bathroom_metric_present_when_applicable" time="0.119" /><testcase classname="tests.backend_test.TestDeviceTokens" name="test_list_tokens_admin" time="0.048" /><testcase classname="tests.backend_test.TestDeviceTokens" name="test_list_tokens_staff_forbidden" time="0.051" /><testcase classname="tests.backend_test.TestDeviceTokens" name="test_status_endpoint" time="0.048" /><testcase classname="tests.backend_test.TestDeviceTokens" name="test_create_reveal_and_revoke_token" time="0.367" /><testcase classname="tests.backend_test.TestDeviceTokens" name="test_pendant_event_soft_enforced_no_headers" time="0.145" /><testcase classname="tests.backend_test.TestDeviceTokens" name="test_pendant_event_with_invalid_token_rejected" time="0.094" /><testcase classname="tests.backend_test.TestDeviceTokens" name="test_pendant_event_with_only_token_header_rejected" time="0.092" /><testcase classname="tests.backend_test.TestDeviceTokens" name="test_pendant_event_with_revoked_token_rejected" time="0.409" /><testcase classname="tests.backend_test.TestFamilyPortal" name="test_family_contacts_have_portal_token" time="0.050" /><testcase classname="tests.backend_test.TestFamilyPortal" name="test_portal_summary_public" time="0.212" /><testcase classname="tests.backend_test.TestFamilyPortal" name="test_portal_summary_invalid_token" time="0.063" /><testcase classname="tests.backend_test.TestFamilyPortal" name="test_portal_acknowledge_read" time="0.093" /></testsuite></testsuites>