<?xml version="1.0" encoding="utf-8"?><testsuites name="pytest tests"><testsuite name="pytest" errors="0" failures="0" skipped="0" tests="12" time="3.476" timestamp="2026-04-19T05:50:14.614224+00:00" hostname="agent-env-81b68010-8f33-4ae0-8ff9-dcbaf39986d0"><testcase classname="backend.tests.iter6_test.TestHaiku" name="test_generate_today_and_idempotent" time="0.642" /><testcase classname="backend.tests.iter6_test.TestHaiku" name="test_generate_today_forbidden_for_nurse" time="0.433" /><testcase classname="backend.tests.iter6_test.TestHaiku" name="test_latest_returns_per_resident" time="0.106" /><testcase classname="backend.tests.iter6_test.TestHaiku" name="test_routing_generate_today_not_matched_as_resident_id" time="0.164" /><testcase classname="backend.tests.iter6_test.TestPaging" name="test_event_public_enriches_via_capcode" time="0.109" /><testcase classname="backend.tests.iter6_test.TestPaging" name="test_feed_readable_by_nurse_and_admin" time="0.231" /><testcase classname="backend.tests.iter6_test.TestPaging" name="test_feed_requires_auth" time="0.104" /><testcase classname="backend.tests.iter6_test.TestPaging" name="test_simulate_admin_only" time="0.214" /><testcase classname="backend.tests.iter6_test.TestMedications" name="test_list_seeded" time="0.107" /><testcase classname="backend.tests.iter6_test.TestMedications" name="test_create_delete_denormalized" time="0.464" /><testcase classname="backend.tests.iter6_test.TestMedications" name="test_due_by_room_public_then_ack" time="0.694" /><testcase classname="backend.tests.iter6_test.TestMedications" name="test_due_by_room_public_no_auth_required" time="0.121" /></testsuite></testsuites>