<?xml version="1.0" encoding="utf-8"?><testsuites name="pytest tests"><testsuite name="pytest" errors="0" failures="0" skipped="0" tests="19" time="19.161" timestamp="2026-04-26T01:30:09.003287+00:00" hostname="agent-env-aded9766-7887-429a-9fec-cb4c664dceba"><testcase classname="backend.tests.iter11_test.TestResearch" name="test_research_haiku_uses_claude_fallback" time="3.179" /><testcase classname="backend.tests.iter11_test.TestResearch" name="test_research_empty_question_rejected" time="0.050" /><testcase classname="backend.tests.iter11_test.TestResearch" name="test_research_short_question_rejected" time="0.054" /><testcase classname="backend.tests.iter11_test.TestWeather" name="test_default_facility_weather" time="3.837" /><testcase classname="backend.tests.iter11_test.TestWeather" name="test_override_location_boston" time="2.153" /><testcase classname="backend.tests.iter11_test.TestTimers" name="test_create_public_timer_validation_min" time="0.053" /><testcase classname="backend.tests.iter11_test.TestTimers" name="test_create_public_timer_validation_max" time="0.051" /><testcase classname="backend.tests.iter11_test.TestTimers" name="test_one_shot_fire_and_mark_flow" time="7.162" /><testcase classname="backend.tests.iter11_test.TestTimers" name="test_authed_list_and_delete" time="0.728" /><testcase classname="backend.tests.iter11_test.TestRealtimeSession" name="test_session_has_nine_tools_and_anchors" time="0.292" /><testcase classname="backend.tests.iter11_test.TestRealtimeSession" name="test_set_timer_tool_schema" time="0.263" /><testcase classname="backend.tests.iter11_test.TestRegressions" name="test_owner_admin_login" time="0.273" /><testcase classname="backend.tests.iter11_test.TestRegressions" name="test_admin_admin_login" time="0.277" /><testcase classname="backend.tests.iter11_test.TestRegressions" name="test_staff_login" time="0.274" /><testcase classname="backend.tests.iter11_test.TestRegressions" name="test_residents" time="0.057" /><testcase classname="backend.tests.iter11_test.TestRegressions" name="test_alerts_feed" time="0.059" /><testcase classname="backend.tests.iter11_test.TestRegressions" name="test_alerts_stats" time="0.058" /><testcase classname="backend.tests.iter11_test.TestRegressions" name="test_alerts_create_kiosk" time="0.184" /><testcase classname="backend.tests.iter11_test.TestRegressions" name="test_devices_public_room_command" time="0.056" /></testsuite></testsuites>