<?xml version="1.0" encoding="utf-8"?><testsuites name="pytest tests"><testsuite name="pytest" errors="0" failures="0" skipped="0" tests="8" time="3.275" timestamp="2026-04-19T06:02:17.387837+00:00" hostname="agent-env-81b68010-8f33-4ae0-8ff9-dcbaf39986d0"><testcase classname="tests.iter7_test.TestPendantAutoVoice" name="test_single_press_sets_auto_voice_true_assist_press_count_1" time="0.756" /><testcase classname="tests.iter7_test.TestPendantAutoVoice" name="test_second_press_within_60s_escalates_to_emergency" time="0.114" /><testcase classname="tests.iter7_test.TestPendantAutoVoice" name="test_fall_event_emergency_auto_voice" time="0.112" /><testcase classname="tests.iter7_test.TestWearableAutoVoice" name="test_wearable_press_sets_auto_voice_true" time="0.427" /><testcase classname="tests.iter7_test.TestWearableAutoVoice" name="test_wearable_fall_emergency_auto_voice" time="0.213" /><testcase classname="tests.iter7_test.TestKioskActiveEmergency" name="test_central_kiosk_picks_up_assist_press" time="1.027" /><testcase classname="tests.iter7_test.TestKioskActiveEmergency" name="test_room_kiosk_picks_up_its_own_assist_press" time="0.218" /><testcase classname="tests.iter7_test.TestKioskActiveEmergency" name="test_active_emergency_query_filters_on_auto_voice" time="0.325" /></testsuite></testsuites>