<?xml version="1.0" encoding="utf-8"?><testsuites name="pytest tests"><testsuite name="pytest" errors="0" failures="0" skipped="0" tests="14" time="8.506" timestamp="2026-04-19T17:06:28.476859+00:00" hostname="agent-env-81b68010-8f33-4ae0-8ff9-dcbaf39986d0"><testcase classname="tests.iter9_test.TestAdminLogin" name="test_admin_happy_path" time="0.479" /><testcase classname="tests.iter9_test.TestAdminLogin" name="test_staff_creds_return_403" time="0.275" /><testcase classname="tests.iter9_test.TestAdminLogin" name="test_wrong_password_returns_401" time="0.267" /><testcase classname="tests.iter9_test.TestAdminLogin" name="test_unknown_email_returns_401" time="0.268" /><testcase classname="tests.iter9_test.TestAdminLogin" name="test_staff_403_does_not_increment_lockout" time="1.640" /><testcase classname="tests.iter9_test.TestAdminLogin" name="test_lockout_and_reset_on_success" time="1.978" /><testcase classname="tests.iter9_test.TestResidentClinicalThresholds" name="test_dorothy_exists" time="0.317" /><testcase classname="tests.iter9_test.TestResidentClinicalThresholds" name="test_set_and_clear_thresholds" time="0.094" /><testcase classname="tests.iter9_test.TestResidentClinicalThresholds" name="test_create_resident_with_thresholds" time="0.179" /><testcase classname="tests.iter9_test.TestWearableThresholds" name="test_suppress_hr_high_within_band" time="0.155" /><testcase classname="tests.iter9_test.TestWearableThresholds" name="test_upgrade_periodic_ping_high" time="0.051" /><testcase classname="tests.iter9_test.TestWearableThresholds" name="test_upgrade_periodic_ping_low" time="0.056" /><testcase classname="tests.iter9_test.TestWearableThresholds" name="test_fall_always_alerts" time="0.152" /><testcase classname="tests.iter9_test.TestMemoryExtraction" name="test_extract_and_store" time="2.527" /></testsuite></testsuites>