<?xml version="1.0" encoding="utf-8"?><testsuites name="pytest tests"><testsuite name="pytest" errors="0" failures="0" skipped="0" tests="14" time="3.258" timestamp="2026-04-26T01:00:11.114574+00:00" hostname="agent-env-aded9766-7887-429a-9fec-cb4c664dceba"><testcase classname="backend.tests.iter10_test.TestAuthRegressions" name="test_owner_admin_login" time="0.405" /><testcase classname="backend.tests.iter10_test.TestAuthRegressions" name="test_admin_admin_login" time="0.298" /><testcase classname="backend.tests.iter10_test.TestAuthRegressions" name="test_staff_login" time="0.295" /><testcase classname="backend.tests.iter10_test.TestRealtimeSession" name="test_session_default" time="0.271" /><testcase classname="backend.tests.iter10_test.TestRealtimeSession" name="test_session_with_resident_with_memories" time="0.770" /><testcase classname="backend.tests.iter10_test.TestRealtimeSession" name="test_session_with_resident_no_memories" time="0.382" /><testcase classname="backend.tests.iter10_test.TestPublicAlertStatus" name="test_404_unknown" time="0.068" /><testcase classname="backend.tests.iter10_test.TestPublicAlertStatus" name="test_full_lifecycle" time="0.340" /><testcase classname="backend.tests.iter10_test.TestPublicRoomCommand" name="test_endpoint_reachable_no_auth_temperature" time="0.061" /><testcase classname="backend.tests.iter10_test.TestPublicRoomCommand" name="test_power_on" time="0.056" /><testcase classname="backend.tests.iter10_test.TestPublicRoomCommand" name="test_volume" time="0.062" /><testcase classname="backend.tests.iter10_test.TestAdminRegressions" name="test_residents_list" time="0.048" /><testcase classname="backend.tests.iter10_test.TestAdminRegressions" name="test_alerts_feed" time="0.051" /><testcase classname="backend.tests.iter10_test.TestAdminRegressions" name="test_alerts_stats" time="0.051" /></testsuite></testsuites>