<?xml version="1.0" encoding="utf-8"?><testsuites name="pytest tests"><testsuite name="pytest" errors="0" failures="1" skipped="0" tests="16" time="3.278" timestamp="2026-04-19T03:59:33.278915+00:00" hostname="agent-env-81b68010-8f33-4ae0-8ff9-dcbaf39986d0"><testcase classname="backend.tests.backend_test.TestZonesAndGeofence" name="test_zones_include_is_restricted" time="0.230"><failure message="assert False&#10; +  where False = all(&lt;generator object TestZonesAndGeofence.test_zones_include_is_restricted.&lt;locals&gt;.&lt;genexpr&gt; at 0xf8a44dc9f6b0&gt;)">backend/tests/backend_test.py:601: in test_zones_include_is_restricted
    assert all("is_restricted" in z for z in zones)
E   assert False
E    +  where False = all(&lt;generator object TestZonesAndGeofence.test_zones_include_is_restricted.&lt;locals&gt;.&lt;genexpr&gt; at 0xf8a44dc9f6b0&gt;)</failure></testcase><testcase classname="backend.tests.backend_test.TestZonesAndGeofence" name="test_create_restricted_zone" time="0.395" /><testcase classname="backend.tests.backend_test.TestZonesAndGeofence" name="test_post_location_to_non_restricted_no_alert" time="0.102" /><testcase classname="backend.tests.backend_test.TestZonesAndGeofence" name="test_post_location_to_restricted_creates_alert_and_no_refire" time="0.263" /><testcase classname="backend.tests.backend_test.TestMovementTimeline" name="test_movement_returns_visits_and_total" time="0.340" /><testcase classname="backend.tests.backend_test.TestInsights" name="test_compute_insights" time="0.063" /><testcase classname="backend.tests.backend_test.TestInsights" name="test_list_insights_sorted" time="0.199" /><testcase classname="backend.tests.backend_test.TestInsights" name="test_insights_summary" time="0.113" /><testcase classname="backend.tests.backend_test.TestInsights" name="test_insights_for_resident" time="0.164" /><testcase classname="backend.tests.backend_test.TestFamilyContacts" name="test_list_family_seeded" time="0.047" /><testcase classname="backend.tests.backend_test.TestFamilyContacts" name="test_create_and_delete_family" time="0.147" /><testcase classname="backend.tests.backend_test.TestNotifications" name="test_notifications_status_unconfigured" time="0.049" /><testcase classname="backend.tests.backend_test.TestNotifications" name="test_notifications_test_sms_logged" time="0.077" /><testcase classname="backend.tests.backend_test.TestNotifications" name="test_notifications_test_email_logged" time="0.046" /><testcase classname="backend.tests.backend_test.TestNotifications" name="test_notifications_list" time="0.097" /><testcase classname="backend.tests.backend_test.TestNotifications" name="test_create_alert_fans_out_to_family" time="0.757" /></testsuite></testsuites>