<?xml version="1.0" encoding="utf-8"?><testsuites name="pytest tests"><testsuite name="pytest" errors="0" failures="0" skipped="0" tests="13" time="30.692" timestamp="2026-04-19T06:20:01.958743+00:00" hostname="agent-env-81b68010-8f33-4ae0-8ff9-dcbaf39986d0"><testcase classname="backend.tests.iter8_test.TestMemoryCRUD" name="test_create_manual_memory" time="0.617" /><testcase classname="backend.tests.iter8_test.TestMemoryCRUD" name="test_list_memory_contains_created" time="0.118" /><testcase classname="backend.tests.iter8_test.TestMemoryCRUD" name="test_patch_memory" time="0.104" /><testcase classname="backend.tests.iter8_test.TestMemoryCRUD" name="test_sort_order_pinned_first" time="0.226" /><testcase classname="backend.tests.iter8_test.TestMemoryCRUD" name="test_delete_memory" time="0.250" /><testcase classname="backend.tests.iter8_test.TestMemoryExtract" name="test_manual_extract" time="2.328" /><testcase classname="backend.tests.iter8_test.TestMemoryExtract" name="test_extracted_memories_visible" time="0.156" /><testcase classname="backend.tests.iter8_test.TestChatMemoryIntegration" name="test_chat_without_resident_works" time="1.471" /><testcase classname="backend.tests.iter8_test.TestChatMemoryIntegration" name="test_chat_with_resident_returns_memory_fields" time="2.375" /><testcase classname="backend.tests.iter8_test.TestChatMemoryIntegration" name="test_conversation_log_captured" time="4.042" /><testcase classname="backend.tests.iter8_test.TestChatMemoryIntegration" name="test_background_extraction_produces_memories" time="10.133" /><testcase classname="backend.tests.iter8_test.TestChatMemoryIntegration" name="test_cross_session_memory_recall" time="7.819" /><testcase classname="backend.tests.iter8_test.TestConversationRoute" name="test_conversation_chronological" time="0.978" /></testsuite></testsuites>