<?xml version="1.0" encoding="utf-8"?><testsuites name="pytest tests"><testsuite name="pytest" errors="0" failures="0" skipped="0" tests="62" time="15.197" timestamp="2026-04-19T03:59:51.062986+00:00" hostname="agent-env-81b68010-8f33-4ae0-8ff9-dcbaf39986d0"><testcase classname="backend.tests.backend_test.TestHealth" name="test_health" time="0.195" /><testcase classname="backend.tests.backend_test.TestHealth" name="test_seed_kiosks" time="0.048" /><testcase classname="backend.tests.backend_test.TestHealth" name="test_seed_zones" time="0.050" /><testcase classname="backend.tests.backend_test.TestAuth" name="test_login_admin" time="0.276" /><testcase classname="backend.tests.backend_test.TestAuth" name="test_login_nurse_role_staff" time="0.270" /><testcase classname="backend.tests.backend_test.TestAuth" name="test_login_bad_password" time="0.270" /><testcase classname="backend.tests.backend_test.TestAuth" name="test_register_new_user" time="0.271" /><testcase classname="backend.tests.backend_test.TestAuth" name="test_me_requires_auth" time="0.048" /><testcase classname="backend.tests.backend_test.TestAuth" name="test_me_with_token" time="0.318" /><testcase classname="backend.tests.backend_test.TestResidents" name="test_list_requires_auth" time="0.046" /><testcase classname="backend.tests.backend_test.TestResidents" name="test_crud_resident" time="0.348" /><testcase classname="backend.tests.backend_test.TestResidents" name="test_public_by_kiosk" time="0.095" /><testcase classname="backend.tests.backend_test.TestKiosksZones" name="test_kiosks_public" time="0.046" /><testcase classname="backend.tests.backend_test.TestKiosksZones" name="test_kiosk_create_requires_auth" time="0.045" /><testcase classname="backend.tests.backend_test.TestKiosksZones" name="test_kiosk_crud" time="0.142" /><testcase classname="backend.tests.backend_test.TestKiosksZones" name="test_zone_crud" time="0.099" /><testcase classname="backend.tests.backend_test.TestStaffAdminOnly" name="test_list_staff_admin" time="0.046" /><testcase classname="backend.tests.backend_test.TestStaffAdminOnly" name="test_list_staff_forbidden_for_nurse" time="0.323" /><testcase classname="backend.tests.backend_test.TestStaffAdminOnly" name="test_create_delete_staff" time="0.316" /><testcase classname="backend.tests.backend_test.TestStaffAdminOnly" name="test_create_staff_forbidden_for_nurse" time="0.049" /><testcase classname="backend.tests.backend_test.TestAlerts" name="test_create_alert_from_kiosk" time="0.245" /><testcase classname="backend.tests.backend_test.TestAlerts" name="test_alerts_feed_auth" time="0.046" /><testcase classname="backend.tests.backend_test.TestAlerts" name="test_alert_stats" time="0.049" /><testcase classname="backend.tests.backend_test.TestLocations" name="test_mock_generate_and_latest" time="0.097" /><testcase classname="backend.tests.backend_test.TestLocations" name="test_latest_requires_auth" time="0.047" /><testcase classname="backend.tests.backend_test.TestLocations" name="test_ingest_public_requires_valid_resident" time="0.051" /><testcase classname="backend.tests.backend_test.TestLocations" name="test_ingest_public_for_real_resident" time="0.095" /><testcase classname="backend.tests.backend_test.TestAI" name="test_chat_claude" time="1.947" /><testcase classname="backend.tests.backend_test.TestAI" name="test_chat_history" time="2.253" /><testcase classname="backend.tests.backend_test.TestAI" name="test_tts" time="0.762" /><testcase classname="backend.tests.backend_test.TestAI" name="test_tts_empty" time="0.049" /><testcase classname="backend.tests.backend_test.TestAI" name="test_stt_endpoint_exists" time="0.049" /><testcase classname="backend.tests.backend_test.TestRoadmap" name="test_list_roadmap" time="0.047" /><testcase classname="backend.tests.backend_test.TestRoadmap" name="test_progress_aggregates_by_phase" time="0.050" /><testcase classname="backend.tests.backend_test.TestRoadmap" name="test_patch_requires_auth" time="0.049" /><testcase classname="backend.tests.backend_test.TestRoadmap" name="test_patch_updates_status" time="0.155" /><testcase classname="backend.tests.backend_test.TestPendants" name="test_list_requires_auth" time="0.055" /><testcase classname="backend.tests.backend_test.TestPendants" name="test_list_seeded_pendants" time="0.050" /><testcase classname="backend.tests.backend_test.TestPendants" name="test_create_and_delete_pendant" time="0.269" /><testcase classname="backend.tests.backend_test.TestPendants" name="test_pendant_event_press_creates_alert" time="0.460" /><testcase classname="backend.tests.backend_test.TestPendants" name="test_pendant_event_unknown_frequency" time="0.129" /><testcase classname="backend.tests.backend_test.TestAlertsEscalation" name="test_feed_auto_escalates_old_alert" time="0.235" /><testcase classname="backend.tests.backend_test.TestAlertsEscalation" name="test_get_alert_with_timeline" time="0.309" /><testcase classname="backend.tests.backend_test.TestAlertsEscalation" name="test_stats_route_not_clobbered_by_id_route" time="0.056" /><testcase classname="backend.tests.backend_test.TestResidentPersonalization" name="test_create_and_update_with_new_fields" time="0.205" /><testcase classname="backend.tests.backend_test.TestResidentPersonalization" name="test_ai_chat_with_resident_id" time="1.429" /><testcase classname="backend.tests.backend_test.TestZonesAndGeofence" name="test_zones_include_is_restricted" time="0.049" /><testcase classname="backend.tests.backend_test.TestZonesAndGeofence" name="test_create_restricted_zone" time="0.102" /><testcase classname="backend.tests.backend_test.TestZonesAndGeofence" name="test_post_location_to_non_restricted_no_alert" time="0.096" /><testcase classname="backend.tests.backend_test.TestZonesAndGeofence" name="test_post_location_to_restricted_creates_alert_and_no_refire" time="0.246" /><testcase classname="backend.tests.backend_test.TestMovementTimeline" name="test_movement_returns_visits_and_total" time="0.357" /><testcase classname="backend.tests.backend_test.TestInsights" name="test_compute_insights" time="0.071" /><testcase classname="backend.tests.backend_test.TestInsights" name="test_list_insights_sorted" time="0.117" /><testcase classname="backend.tests.backend_test.TestInsights" name="test_insights_summary" time="0.123" /><testcase classname="backend.tests.backend_test.TestInsights" name="test_insights_for_resident" time="0.167" /><testcase classname="backend.tests.backend_test.TestFamilyContacts" name="test_list_family_seeded" time="0.047" /><testcase classname="backend.tests.backend_test.TestFamilyContacts" name="test_create_and_delete_family" time="0.152" /><testcase classname="backend.tests.backend_test.TestNotifications" name="test_notifications_status_unconfigured" time="0.048" /><testcase classname="backend.tests.backend_test.TestNotifications" name="test_notifications_test_sms_logged" time="0.048" /><testcase classname="backend.tests.backend_test.TestNotifications" name="test_notifications_test_email_logged" time="0.046" /><testcase classname="backend.tests.backend_test.TestNotifications" name="test_notifications_list" time="0.093" /><testcase classname="backend.tests.backend_test.TestNotifications" name="test_create_alert_fans_out_to_family" time="0.760" /></testsuite></testsuites>