<?xml version="1.0" encoding="utf-8"?><testsuites name="pytest tests"><testsuite name="pytest" errors="0" failures="0" skipped="0" tests="13" time="8.683" timestamp="2026-04-19T05:30:31.626987+00:00" hostname="agent-env-81b68010-8f33-4ae0-8ff9-dcbaf39986d0"><testcase classname="tests.iter5_test.TestPanicPress" name="test_two_presses_within_60s_escalate" time="1.267" /><testcase classname="tests.iter5_test.TestPanicPress" name="test_fall_auto_voice_true" time="0.592" /><testcase classname="tests.iter5_test.TestActiveEmergency" name="test_no_alert_returns_null" time="1.733" /><testcase classname="tests.iter5_test.TestActiveEmergency" name="test_central_kiosk_sees_any_facility_emergency" time="0.896" /><testcase classname="tests.iter5_test.TestActiveEmergency" name="test_kiosk_accepts_is_central_update" time="0.326" /><testcase classname="tests.iter5_test.TestTasks" name="test_staff_cannot_create" time="0.453" /><testcase classname="tests.iter5_test.TestTasks" name="test_admin_creates_task_with_denorm" time="1.840" /><testcase classname="tests.iter5_test.TestTasks" name="test_spawn_today_idempotent" time="0.243" /><testcase classname="tests.iter5_test.TestTasks" name="test_list_staff_mine_only_inferred" time="0.325" /><testcase classname="tests.iter5_test.TestTasks" name="test_templates_crud" time="0.327" /><testcase classname="tests.iter5_test.TestPublicDevices" name="test_public_by_room_101" time="0.115" /><testcase classname="tests.iter5_test.TestPublicDevices" name="test_public_by_room_108" time="0.104" /><testcase classname="tests.iter5_test.TestPublicDevices" name="test_public_room_command_updates_state" time="0.368" /></testsuite></testsuites>