<?xml version="1.0" encoding="utf-8"?><testsuites name="pytest tests"><testsuite name="pytest" errors="0" failures="0" skipped="0" tests="32" time="8.968" timestamp="2026-04-19T02:45:12.573841+00:00" hostname="agent-env-81b68010-8f33-4ae0-8ff9-dcbaf39986d0"><testcase classname="tests.backend_test.TestHealth" name="test_health" time="0.213" /><testcase classname="tests.backend_test.TestHealth" name="test_seed_kiosks" time="0.062" /><testcase classname="tests.backend_test.TestHealth" name="test_seed_zones" time="0.053" /><testcase classname="tests.backend_test.TestAuth" name="test_login_admin" time="0.279" /><testcase classname="tests.backend_test.TestAuth" name="test_login_nurse_role_staff" time="0.267" /><testcase classname="tests.backend_test.TestAuth" name="test_login_bad_password" time="0.281" /><testcase classname="tests.backend_test.TestAuth" name="test_register_new_user" time="0.271" /><testcase classname="tests.backend_test.TestAuth" name="test_me_requires_auth" time="0.055" /><testcase classname="tests.backend_test.TestAuth" name="test_me_with_token" time="0.322" /><testcase classname="tests.backend_test.TestResidents" name="test_list_requires_auth" time="0.045" /><testcase classname="tests.backend_test.TestResidents" name="test_crud_resident" time="0.330" /><testcase classname="tests.backend_test.TestResidents" name="test_public_by_kiosk" time="0.100" /><testcase classname="tests.backend_test.TestKiosksZones" name="test_kiosks_public" time="0.048" /><testcase classname="tests.backend_test.TestKiosksZones" name="test_kiosk_create_requires_auth" time="0.049" /><testcase classname="tests.backend_test.TestKiosksZones" name="test_kiosk_crud" time="0.144" /><testcase classname="tests.backend_test.TestKiosksZones" name="test_zone_crud" time="0.093" /><testcase classname="tests.backend_test.TestStaffAdminOnly" name="test_list_staff_admin" time="0.047" /><testcase classname="tests.backend_test.TestStaffAdminOnly" name="test_list_staff_forbidden_for_nurse" time="0.315" /><testcase classname="tests.backend_test.TestStaffAdminOnly" name="test_create_delete_staff" time="0.316" /><testcase classname="tests.backend_test.TestStaffAdminOnly" name="test_create_staff_forbidden_for_nurse" time="0.048" /><testcase classname="tests.backend_test.TestAlerts" name="test_create_alert_from_kiosk" time="0.245" /><testcase classname="tests.backend_test.TestAlerts" name="test_alerts_feed_auth" time="0.045" /><testcase classname="tests.backend_test.TestAlerts" name="test_alert_stats" time="0.049" /><testcase classname="tests.backend_test.TestLocations" name="test_mock_generate_and_latest" time="0.101" /><testcase classname="tests.backend_test.TestLocations" name="test_latest_requires_auth" time="0.052" /><testcase classname="tests.backend_test.TestLocations" name="test_ingest_public_requires_valid_resident" time="0.047" /><testcase classname="tests.backend_test.TestLocations" name="test_ingest_public_for_real_resident" time="0.098" /><testcase classname="tests.backend_test.TestAI" name="test_chat_claude" time="1.722" /><testcase classname="tests.backend_test.TestAI" name="test_chat_history" time="2.199" /><testcase classname="tests.backend_test.TestAI" name="test_tts" time="0.861" /><testcase classname="tests.backend_test.TestAI" name="test_tts_empty" time="0.045" /><testcase classname="tests.backend_test.TestAI" name="test_stt_endpoint_exists" time="0.047" /></testsuite></testsuites>