<?xml version="1.0" encoding="utf-8"?><testsuites name="pytest tests"><testsuite name="pytest" errors="0" failures="0" skipped="0" tests="46" time="14.120" timestamp="2026-04-19T03:15:53.871915+00:00" hostname="agent-env-81b68010-8f33-4ae0-8ff9-dcbaf39986d0"><testcase classname="backend.tests.backend_test.TestHealth" name="test_health" time="0.210" /><testcase classname="backend.tests.backend_test.TestHealth" name="test_seed_kiosks" time="0.069" /><testcase classname="backend.tests.backend_test.TestHealth" name="test_seed_zones" time="0.052" /><testcase classname="backend.tests.backend_test.TestAuth" name="test_login_admin" time="0.281" /><testcase classname="backend.tests.backend_test.TestAuth" name="test_login_nurse_role_staff" time="0.277" /><testcase classname="backend.tests.backend_test.TestAuth" name="test_login_bad_password" time="0.277" /><testcase classname="backend.tests.backend_test.TestAuth" name="test_register_new_user" time="0.276" /><testcase classname="backend.tests.backend_test.TestAuth" name="test_me_requires_auth" time="0.054" /><testcase classname="backend.tests.backend_test.TestAuth" name="test_me_with_token" time="0.330" /><testcase classname="backend.tests.backend_test.TestResidents" name="test_list_requires_auth" time="0.057" /><testcase classname="backend.tests.backend_test.TestResidents" name="test_crud_resident" time="0.372" /><testcase classname="backend.tests.backend_test.TestResidents" name="test_public_by_kiosk" time="0.108" /><testcase classname="backend.tests.backend_test.TestKiosksZones" name="test_kiosks_public" time="0.049" /><testcase classname="backend.tests.backend_test.TestKiosksZones" name="test_kiosk_create_requires_auth" time="0.049" /><testcase classname="backend.tests.backend_test.TestKiosksZones" name="test_kiosk_crud" time="0.183" /><testcase classname="backend.tests.backend_test.TestKiosksZones" name="test_zone_crud" time="0.119" /><testcase classname="backend.tests.backend_test.TestStaffAdminOnly" name="test_list_staff_admin" time="0.056" /><testcase classname="backend.tests.backend_test.TestStaffAdminOnly" name="test_list_staff_forbidden_for_nurse" time="0.330" /><testcase classname="backend.tests.backend_test.TestStaffAdminOnly" name="test_create_delete_staff" time="0.329" /><testcase classname="backend.tests.backend_test.TestStaffAdminOnly" name="test_create_staff_forbidden_for_nurse" time="0.074" /><testcase classname="backend.tests.backend_test.TestAlerts" name="test_create_alert_from_kiosk" time="0.280" /><testcase classname="backend.tests.backend_test.TestAlerts" name="test_alerts_feed_auth" time="0.049" /><testcase classname="backend.tests.backend_test.TestAlerts" name="test_alert_stats" time="0.073" /><testcase classname="backend.tests.backend_test.TestLocations" name="test_mock_generate_and_latest" time="0.127" /><testcase classname="backend.tests.backend_test.TestLocations" name="test_latest_requires_auth" time="0.057" /><testcase classname="backend.tests.backend_test.TestLocations" name="test_ingest_public_requires_valid_resident" time="0.099" /><testcase classname="backend.tests.backend_test.TestLocations" name="test_ingest_public_for_real_resident" time="0.102" /><testcase classname="backend.tests.backend_test.TestAI" name="test_chat_claude" time="1.222" /><testcase classname="backend.tests.backend_test.TestAI" name="test_chat_history" time="1.437" /><testcase classname="backend.tests.backend_test.TestAI" name="test_tts" time="2.163" /><testcase classname="backend.tests.backend_test.TestAI" name="test_tts_empty" time="0.056" /><testcase classname="backend.tests.backend_test.TestAI" name="test_stt_endpoint_exists" time="0.052" /><testcase classname="backend.tests.backend_test.TestRoadmap" name="test_list_roadmap" time="0.070" /><testcase classname="backend.tests.backend_test.TestRoadmap" name="test_progress_aggregates_by_phase" time="0.054" /><testcase classname="backend.tests.backend_test.TestRoadmap" name="test_patch_requires_auth" time="0.050" /><testcase classname="backend.tests.backend_test.TestRoadmap" name="test_patch_updates_status" time="0.161" /><testcase classname="backend.tests.backend_test.TestPendants" name="test_list_requires_auth" time="0.064" /><testcase classname="backend.tests.backend_test.TestPendants" name="test_list_seeded_pendants" time="0.054" /><testcase classname="backend.tests.backend_test.TestPendants" name="test_create_and_delete_pendant" time="0.256" /><testcase classname="backend.tests.backend_test.TestPendants" name="test_pendant_event_press_creates_alert" time="0.466" /><testcase classname="backend.tests.backend_test.TestPendants" name="test_pendant_event_unknown_frequency" time="0.146" /><testcase classname="backend.tests.backend_test.TestAlertsEscalation" name="test_feed_auto_escalates_old_alert" time="0.212" /><testcase classname="backend.tests.backend_test.TestAlertsEscalation" name="test_get_alert_with_timeline" time="0.356" /><testcase classname="backend.tests.backend_test.TestAlertsEscalation" name="test_stats_route_not_clobbered_by_id_route" time="0.057" /><testcase classname="backend.tests.backend_test.TestResidentPersonalization" name="test_create_and_update_with_new_fields" time="0.226" /><testcase classname="backend.tests.backend_test.TestResidentPersonalization" name="test_ai_chat_with_resident_id" time="2.593" /></testsuite></testsuites>